\BOOKMARK [1][-]{section.1}{\376\377\000D\000i\000f\000f\000e\000r\000e\000n\000t\000i\000a\000l\000\040\000E\000q\000u\000a\000t\000i\000o\000n\000s}{}% 1
\BOOKMARK [2][-]{subsection.1.1}{\376\377\000L\000i\000n\000e\000a\000r\000\040\000O\000D\000E\000'\000s}{section.1}% 2
\BOOKMARK [2][-]{subsection.1.2}{\376\377\000S\000o\000l\000u\000t\000i\000o\000n\000\040\000S\000p\000a\000c\000e}{section.1}% 3
\BOOKMARK [2][-]{subsection.1.3}{\376\377\000S\000o\000l\000v\000i\000n\000g\000\040\000l\000i\000n\000e\000a\000r\000\040\000O\000D\000E\000'\000s\000\040\000o\000f\000\040\000o\000r\000d\000e\000r\000\040\0001}{section.1}% 4
\BOOKMARK [2][-]{subsection.1.4}{\376\377\000E\000d\000u\000c\000a\000t\000e\000d\000\040\000G\000u\000e\000s\000s}{section.1}% 5
\BOOKMARK [3][-]{subsubsection.1.4.1}{\376\377\000V\000a\000r\000i\000a\000t\000i\000o\000n\000\040\000o\000f\000\040\000c\000o\000n\000s\000t\000a\000n\000t\000s}{subsection.1.4}% 6
\BOOKMARK [3][-]{subsubsection.1.4.2}{\376\377\000S\000o\000l\000v\000i\000n\000g\000\040\000L\000i\000n\000e\000a\000r\000\040\000O\000D\000E\000'\000s\000\040\000w\000i\000t\000h\000\040\000c\000o\000n\000s\000t\000a\000n\000t\000\040\000c\000o\000e\000f\000f\000i\000c\000i\000e\000n\000t\000s}{subsection.1.4}% 7
\BOOKMARK [2][-]{subsection.1.5}{\376\377\000C\000o\000m\000p\000l\000e\000x\000\040\000r\000o\000o\000t\000s}{section.1}% 8
\BOOKMARK [2][-]{subsection.1.6}{\376\377\000S\000e\000p\000a\000r\000a\000t\000i\000o\000n\000\040\000o\000f\000\040\000v\000a\000r\000i\000a\000b\000l\000e\000s}{section.1}% 9
\BOOKMARK [1][-]{section.2}{\376\377\000D\000i\000f\000f\000e\000r\000e\000n\000t\000i\000a\000l\000s\000\040\000i\000n\000\040\000R\000n}{}% 10
\BOOKMARK [2][-]{subsection.2.1}{\376\377\000M\000o\000n\000o\000m\000i\000a\000l}{section.2}% 11
\BOOKMARK [2][-]{subsection.2.2}{\376\377\000P\000o\000l\000y\000n\000o\000m\000i\000a\000l}{section.2}% 12
\BOOKMARK [2][-]{subsection.2.3}{\376\377\000C\000o\000n\000v\000e\000r\000g\000e\000n\000c\000e}{section.2}% 13
\BOOKMARK [2][-]{subsection.2.4}{\376\377\000C\000o\000n\000t\000i\000n\000u\000i\000t\000y}{section.2}% 14
\BOOKMARK [2][-]{subsection.2.5}{\376\377\000S\000a\000n\000d\000w\000i\000c\000h\000\040\000l\000e\000m\000m\000a}{section.2}% 15
\BOOKMARK [2][-]{subsection.2.6}{\376\377\000P\000r\000o\000p\000e\000r\000t\000i\000e\000s\000\040\000o\000f\000\040\000s\000e\000t\000s}{section.2}% 16
\BOOKMARK [2][-]{subsection.2.7}{\376\377\000C\000o\000n\000t\000i\000n\000u\000o\000u\000s\000\040\000a\000n\000d\000\040\000c\000l\000o\000s\000e\000d}{section.2}% 17
\BOOKMARK [2][-]{subsection.2.8}{\376\377\000M\000i\000n\000-\000M\000a\000x\000\040\000t\000h\000e\000o\000r\000e\000m}{section.2}% 18
\BOOKMARK [2][-]{subsection.2.9}{\376\377\000P\000a\000r\000t\000i\000a\000l\000\040\000d\000e\000r\000i\000v\000a\000t\000i\000v\000e\000s}{section.2}% 19
\BOOKMARK [2][-]{subsection.2.10}{\376\377\000J\000a\000c\000o\000b\000i\000\040\000M\000a\000t\000r\000i\000x}{section.2}% 20
\BOOKMARK [2][-]{subsection.2.11}{\376\377\000G\000r\000a\000d\000i\000e\000n\000t}{section.2}% 21
\BOOKMARK [2][-]{subsection.2.12}{\376\377\000D\000i\000r\000e\000c\000t\000i\000o\000n\000a\000l\000\040\000d\000e\000r\000i\000v\000a\000t\000i\000v\000e}{section.2}% 22
\BOOKMARK [2][-]{subsection.2.13}{\376\377\000D\000i\000f\000f\000e\000r\000e\000n\000t\000i\000a\000b\000i\000l\000i\000y}{section.2}% 23
\BOOKMARK [2][-]{subsection.2.14}{\376\377\000T\000a\000n\000g\000e\000n\000t\000\040\000s\000p\000a\000c\000e}{section.2}% 24
\BOOKMARK [2][-]{subsection.2.15}{\376\377\000C\000h\000a\000i\000n\000\040\000r\000u\000l\000e}{section.2}% 25
\BOOKMARK [2][-]{subsection.2.16}{\376\377\000C\000h\000a\000n\000g\000e\000\040\000o\000f\000\040\000v\000a\000r\000i\000a\000b\000l\000e\000s}{section.2}% 26
\BOOKMARK [2][-]{subsection.2.17}{\376\377\000I\000n\000v\000e\000r\000s\000e\000\040\000f\000u\000n\000c\000t\000i\000o\000n\000\040\000t\000h\000e\000o\000r\000e\000m}{section.2}% 27
\BOOKMARK [2][-]{subsection.2.18}{\376\377\000H\000i\000g\000h\000e\000r\000\040\000d\000e\000r\000i\000v\000a\000t\000i\000v\000e\000s}{section.2}% 28
\BOOKMARK [2][-]{subsection.2.19}{\376\377\000H\000e\000s\000s\000i\000a\000n}{section.2}% 29
\BOOKMARK [2][-]{subsection.2.20}{\376\377\000T\000a\000y\000l\000o\000r\000\040\000P\000o\000l\000y\000n\000o\000m\000i\000a\000l}{section.2}% 30
\BOOKMARK [2][-]{subsection.2.21}{\376\377\000L\000o\000c\000a\000l\000\040\000m\000a\000x\000/\000m\000i\000n}{section.2}% 31
\BOOKMARK [2][-]{subsection.2.22}{\376\377\000G\000l\000o\000b\000a\000l\000\040\000e\000x\000t\000r\000e\000m\000a}{section.2}% 32
\BOOKMARK [2][-]{subsection.2.23}{\376\377\000D\000e\000f\000i\000n\000i\000t\000e}{section.2}% 33
\BOOKMARK [2][-]{subsection.2.24}{\376\377\000C\000a\000l\000c\000u\000l\000a\000t\000i\000n\000g\000\040\000d\000e\000t\000e\000r\000m\000i\000n\000a\000t\000e\000s}{section.2}% 34
\BOOKMARK [2][-]{subsection.2.25}{\376\377\000T\000e\000s\000t\000\040\000c\000r\000i\000t\000i\000c\000a\000l\000\040\000p\000o\000i\000n\000t}{section.2}% 35
\BOOKMARK [1][-]{section.3}{\376\377\000I\000n\000t\000e\000g\000r\000a\000l\000s\000\040\000i\000n\000\040\000R\000n}{}% 36
\BOOKMARK [2][-]{subsection.3.1}{\376\377\000S\000i\000m\000p\000l\000e\000\040\000i\000n\000t\000e\000g\000r\000a\000l}{section.3}% 37
\BOOKMARK [2][-]{subsection.3.2}{\376\377\000C\000u\000r\000v\000e}{section.3}% 38
\BOOKMARK [2][-]{subsection.3.3}{\376\377\000L\000i\000n\000e\000\040\000i\000n\000t\000e\000g\000r\000a\000l}{section.3}% 39
\BOOKMARK [3][-]{subsubsection.3.3.1}{\376\377\000L\000e\000n\000g\000t\000h\000\040\000o\000f\000\040\000c\000u\000r\000v\000e\000\040\000\050\000B\000o\000g\000e\000n\000l\000\344\000n\000g\000e\000\051}{subsection.3.3}% 40
\BOOKMARK [2][-]{subsection.3.4}{\376\377\000P\000o\000t\000e\000n\000t\000i\000a\000l}{section.3}% 41
\BOOKMARK [2][-]{subsection.3.5}{\376\377\000C\000o\000n\000s\000e\000r\000v\000a\000t\000i\000v\000e\000\040\000v\000e\000c\000t\000o\000r\000\040\000f\000i\000e\000l\000d}{section.3}% 42
\BOOKMARK [2][-]{subsection.3.6}{\376\377\000P\000a\000t\000h\000\040\000c\000o\000n\000n\000e\000c\000t\000e\000d}{section.3}% 43
\BOOKMARK [2][-]{subsection.3.7}{\376\377\000C\000h\000a\000n\000g\000i\000n\000g\000\040\000t\000h\000e\000\040\000o\000r\000d\000e\000r\000\040\000o\000f\000\040\000i\000n\000t\000e\000g\000r\000a\000t\000i\000o\000n}{section.3}% 44
\BOOKMARK [2][-]{subsection.3.8}{\376\377\000S\000t\000a\000r\000\040\000s\000h\000a\000p\000e\000d}{section.3}% 45
\BOOKMARK [2][-]{subsection.3.9}{\376\377\000C\000u\000r\000l}{section.3}% 46
\BOOKMARK [2][-]{subsection.3.10}{\376\377\000P\000a\000r\000t\000i\000t\000i\000o\000n}{section.3}% 47
\BOOKMARK [2][-]{subsection.3.11}{\376\377\000R\000i\000e\000m\000a\000n\000n\000\040\000S\000u\000m}{section.3}% 48
\BOOKMARK [2][-]{subsection.3.12}{\376\377\000I\000n\000t\000e\000g\000r\000a\000b\000l\000e}{section.3}% 49
\BOOKMARK [2][-]{subsection.3.13}{\376\377\000F\000u\000b\000i\000n\000i\000'\000s\000\040\000t\000h\000e\000o\000r\000e\000m}{section.3}% 50
\BOOKMARK [2][-]{subsection.3.14}{\376\377\000N\000e\000g\000l\000i\000g\000i\000b\000l\000e\000\040\000s\000e\000t\000s\000\040\000i\000n\000\040\000R\000n}{section.3}% 51
\BOOKMARK [2][-]{subsection.3.15}{\376\377\000I\000m\000p\000r\000o\000p\000e\000r\000\040\000I\000n\000t\000e\000g\000r\000a\000l\000s}{section.3}% 52
\BOOKMARK [2][-]{subsection.3.16}{\376\377\000C\000h\000a\000n\000g\000e\000\040\000o\000f\000\040\000v\000a\000r\000i\000a\000b\000l\000e\000s}{section.3}% 53
\BOOKMARK [2][-]{subsection.3.17}{\376\377\000G\000r\000e\000e\000n\000'\000s\000\040\000f\000o\000r\000m\000u\000l\000a}{section.3}% 54
\BOOKMARK [1][-]{section.4}{\376\377\000O\000t\000h\000e\000r}{}% 55
\BOOKMARK [2][-]{subsection.4.1}{\376\377\000D\000r\000e\000i\000e\000c\000k\000s\000u\000n\000g\000l\000e\000i\000c\000h\000u\000n\000g}{section.4}% 56
\BOOKMARK [2][-]{subsection.4.2}{\376\377\000B\000e\000r\000n\000o\000u\000l\000l\000i\000\040\000U\000n\000g\000l\000e\000i\000c\000h\000u\000n\000g}{section.4}% 57
\BOOKMARK [2][-]{subsection.4.3}{\376\377\000E\000x\000p\000o\000n\000e\000n\000t\000i\000a\000l\000f\000u\000n\000k\000t\000i\000o\000n}{section.4}% 58
\BOOKMARK [2][-]{subsection.4.4}{\376\377\000N\000a\000t\000\374\000r\000l\000i\000c\000h\000e\000\040\000L\000o\000g\000a\000r\000i\000t\000m\000u\000s}{section.4}% 59
\BOOKMARK [2][-]{subsection.4.5}{\376\377\000F\000a\000k\000t\000o\000r\000i\000s\000i\000e\000r\000u\000n\000g\000s\000\040\000L\000e\000m\000m\000a}{section.4}% 60
\BOOKMARK [2][-]{subsection.4.6}{\376\377\000S\000i\000n\000u\000s\000\040\000A\000b\000s\000c\000h\000\344\000t\000z\000u\000n\000g}{section.4}% 61
\BOOKMARK [2][-]{subsection.4.7}{\376\377\000T\000r\000i\000g\000o\000n\000o\000m\000e\000t\000r\000i\000s\000c\000h\000e\000\040\000F\000u\000n\000k\000t\000i\000o\000n\000e\000n}{section.4}% 62
\BOOKMARK [2][-]{subsection.4.8}{\376\377\000H\000y\000p\000e\000r\000b\000o\000l\000\040\000F\000u\000n\000k\000t\000i\000o\000n\000e\000n}{section.4}% 63
\BOOKMARK [2][-]{subsection.4.9}{\376\377\000F\000u\000n\000k\000t\000i\000o\000n\000e\000n\000\040\000V\000e\000r\000k\000n\000\374\000p\000f\000u\000n\000g}{section.4}% 64
\BOOKMARK [1][-]{section.5}{\376\377\000T\000o\000p\000i\000c\000s\000\040\000f\000r\000o\000m\000\040\000A\000n\000a\000l\000y\000s\000i\000s\000\040\000I}{}% 65
\BOOKMARK [2][-]{subsection.5.1}{\376\377\000P\000a\000r\000t\000i\000a\000l\000\040\000I\000n\000t\000e\000g\000r\000a\000t\000i\000o\000n}{section.5}% 66
\BOOKMARK [2][-]{subsection.5.2}{\376\377\000S\000u\000b\000s\000t\000i\000t\000u\000t\000i\000o\000n}{section.5}% 67
\BOOKMARK [2][-]{subsection.5.3}{\376\377\000P\000a\000r\000t\000i\000a\000l\000\040\000f\000r\000a\000c\000t\000i\000o\000n\000\040\000d\000e\000c\000o\000m\000p\000o\000s\000i\000t\000i\000o\000n}{section.5}% 68
\BOOKMARK [1][-]{section.6}{\376\377\000T\000r\000i\000g\000o\000n\000o\000m\000e\000t\000r\000i\000e}{}% 69
\BOOKMARK [2][-]{subsection.6.1}{\376\377\000R\000e\000g\000e\000l\000n}{section.6}% 70
\BOOKMARK [3][-]{subsubsection.6.1.1}{\376\377\000P\000e\000r\000i\000o\000d\000i\000z\000i\000t\000\344\000t}{subsection.6.1}% 71
\BOOKMARK [3][-]{subsubsection.6.1.2}{\376\377\000P\000a\000r\000i\000t\000\344\000t}{subsection.6.1}% 72
\BOOKMARK [3][-]{subsubsection.6.1.3}{\376\377\000E\000r\000g\000\344\000n\000z\000u\000n\000g}{subsection.6.1}% 73
\BOOKMARK [3][-]{subsubsection.6.1.4}{\376\377\000K\000o\000m\000p\000l\000e\000m\000e\000n\000t\000e}{subsection.6.1}% 74
\BOOKMARK [3][-]{subsubsection.6.1.5}{\376\377\000D\000o\000p\000p\000e\000l\000w\000i\000n\000k\000e\000l}{subsection.6.1}% 75
\BOOKMARK [3][-]{subsubsection.6.1.6}{\376\377\000A\000d\000d\000i\000t\000i\000o\000n}{subsection.6.1}% 76
\BOOKMARK [3][-]{subsubsection.6.1.7}{\376\377\000S\000u\000b\000t\000r\000a\000k\000t\000i\000o\000n}{subsection.6.1}% 77
\BOOKMARK [3][-]{subsubsection.6.1.8}{\376\377\000M\000u\000l\000t\000i\000p\000l\000i\000k\000a\000t\000i\000o\000n}{subsection.6.1}% 78
\BOOKMARK [3][-]{subsubsection.6.1.9}{\376\377\000P\000o\000t\000e\000n\000z\000e\000n}{subsection.6.1}% 79
\BOOKMARK [3][-]{subsubsection.6.1.10}{\376\377\000D\000i\000v\000e\000r\000s\000e}{subsection.6.1}% 80
\BOOKMARK [1][-]{section.7}{\376\377\000T\000a\000b\000e\000l\000l\000e\000n}{}% 81
\BOOKMARK [2][-]{subsection.7.1}{\376\377\000A\000b\000l\000e\000i\000t\000u\000n\000g\000e\000n}{section.7}% 82
\BOOKMARK [3][-]{subsubsection.7.1.1}{\376\377\000P\000o\000t\000e\000n\000z\000e\000n\000\040\000d\000e\000r\000\040\000W\000i\000n\000k\000e\000l\000f\000u\000n\000k\000t\000i\000o\000n}{subsection.7.1}% 83
\BOOKMARK [3][-]{subsubsection.7.1.2}{\376\377\000F\000u\000n\000k\000t\000i\000o\000n\000e\000n\000\040\000V\000e\000r\000k\000n\000\374\000p\000f\000u\000n\000g}{subsection.7.1}% 84
\BOOKMARK [3][-]{subsubsection.7.1.3}{\376\377\000H\000\344\000u\000f\000u\000n\000g\000s\000p\000u\000n\000k\000t}{subsection.7.1}% 85
\BOOKMARK [3][-]{subsubsection.7.1.4}{\376\377\000O\000r\000d\000i\000n\000a\000r\000y\000\040\000d\000i\000f\000f\000e\000r\000e\000n\000t\000i\000a\000l\000\040\000e\000q\000u\000a\000t\000i\000o\000n\000s\000\040\000\050\000O\000D\000E\000'\000s\000\051}{subsection.7.1}% 86
\BOOKMARK [3][-]{subsubsection.7.1.5}{\376\377\000H\000o\000m\000o\000g\000e\000n\000o\000u\000s}{subsection.7.1}% 87
\BOOKMARK [3][-]{subsubsection.7.1.6}{\376\377\000V\000e\000c\000t\000o\000r\000\040\000F\000i\000e\000l\000d}{subsection.7.1}% 88
\BOOKMARK [3][-]{subsubsection.7.1.7}{\376\377\000K\000r\000i\000t\000i\000s\000c\000h\000e\000\040\000S\000t\000e\000l\000l\000e}{subsection.7.1}% 89
\BOOKMARK [2][-]{subsection.7.2}{\376\377\000I\000m\000p\000o\000r\000t\000a\000n\000t}{section.7}% 90
